<?xml version="1.0" encoding="UTF-8"?>
<!-- Generated by org.testng.reporters.JUnitReportReporter -->
<testsuite hostname="MR-Praveen" failures="0" tests="1" name="com.qa.Test_Script.TC_Ebay_AddCart" time="15.990" errors="0" timestamp="2022-11-24T22:43:27 IST" skipped="0">
  <testcase classname="com.qa.Test_Script.TC_Ebay_AddCart" name="user_signin" time="15.990"/>
  <system-out/>
</testsuite> <!-- com.qa.Test_Script.TC_Ebay_AddCart -->
