<?xml version="1.0" encoding="UTF-8"?>
<!-- Generated by org.testng.reporters.JUnitReportReporter -->
<testsuite hostname="MR-Praveen" failures="0" tests="1" name="com.qa.Test_Script.TC_Ebay_Search" time="11.741" errors="0" timestamp="2022-11-24T23:08:01 IST" skipped="0">
  <testcase classname="com.qa.Test_Script.TC_Ebay_Search" name="search_product" time="11.741"/>
  <system-out/>
</testsuite> <!-- com.qa.Test_Script.TC_Ebay_Search -->
